2020-12-24 14:50:11.441  INFO 3456 --- [restartedMain] c.l.m.lifefolder.LifefolderApplication   : Starting LifefolderApplication on MM-202006241145 with PID 3456 (E:\lingzhen\workspace\redis-desktop-manager\lifefolder\target\classes started by Administrator in E:\lingzhen\workspace\redis-desktop-manager)
2020-12-24 14:50:11.443 DEBUG 3456 --- [restartedMain] c.l.m.lifefolder.LifefolderApplication   : Running with Spring Boot v2.3.3.RELEASE, Spring v5.2.8.RELEASE
2020-12-24 14:50:11.444  INFO 3456 --- [restartedMain] c.l.m.lifefolder.LifefolderApplication   : The following profiles are active: dev
2020-12-24 14:50:11.480  INFO 3456 --- [restartedMain] .e.DevToolsPropertyDefaultsPostProcessor : Devtools property defaults active! Set 'spring.devtools.add-properties' to 'false' to disable
2020-12-24 14:50:11.480  INFO 3456 --- [restartedMain] .e.DevToolsPropertyDefaultsPostProcessor : For additional web related logging consider setting the 'logging.level.web' property to 'DEBUG'
2020-12-24 14:50:11.920  INFO 3456 --- [restartedMain] .s.d.r.c.RepositoryConfigurationDelegate : Multiple Spring Data modules found, entering strict repository configuration mode!
2020-12-24 14:50:11.922  INFO 3456 --- [restartedMain] .s.d.r.c.RepositoryConfigurationDelegate : Bootstrapping Spring Data Redis repositories in DEFAULT mode.
2020-12-24 14:50:11.944  INFO 3456 --- [restartedMain] .s.d.r.c.RepositoryConfigurationDelegate : Finished Spring Data repository scanning in 13ms. Found 0 Redis repository interfaces.
2020-12-24 14:50:12.441  INFO 3456 --- [restartedMain] o.s.b.w.embedded.tomcat.TomcatWebServer  : Tomcat initialized with port(s): 8080 (http)
2020-12-24 14:50:12.447  INFO 3456 --- [restartedMain] o.apache.catalina.core.StandardService   : Starting service [Tomcat]
2020-12-24 14:50:12.447  INFO 3456 --- [restartedMain] org.apache.catalina.core.StandardEngine  : Starting Servlet engine: [Apache Tomcat/9.0.37]
2020-12-24 14:50:12.498  INFO 3456 --- [restartedMain] o.a.c.c.C.[.[localhost].[/lingzhen]      : Initializing Spring embedded WebApplicationContext
2020-12-24 14:50:12.498  INFO 3456 --- [restartedMain] w.s.c.ServletWebServerApplicationContext : Root WebApplicationContext: initialization completed in 1018 ms
2020-12-24 14:50:12.568  INFO 3456 --- [restartedMain] c.a.d.s.b.a.DruidDataSourceAutoConfigure : Init DruidDataSource
2020-12-24 14:50:12.630  INFO 3456 --- [restartedMain] com.alibaba.druid.pool.DruidDataSource   : {dataSource-1} inited
2020-12-24 14:50:13.155  INFO 3456 --- [restartedMain] o.s.s.concurrent.ThreadPoolTaskExecutor  : Initializing ExecutorService 'applicationTaskExecutor'
2020-12-24 14:50:13.457  INFO 3456 --- [restartedMain] o.s.b.d.a.OptionalLiveReloadServer       : LiveReload server is running on port 35729
2020-12-24 14:50:13.487  INFO 3456 --- [restartedMain] o.s.b.w.embedded.tomcat.TomcatWebServer  : Tomcat started on port(s): 8080 (http) with context path '/lingzhen'
2020-12-24 14:50:13.494  INFO 3456 --- [restartedMain] c.l.m.lifefolder.LifefolderApplication   : Started LifefolderApplication in 2.317 seconds (JVM running for 3.511)
2020-12-24 14:50:22.869  INFO 3456 --- [SpringContextShutdownHook] o.s.s.concurrent.ThreadPoolTaskExecutor  : Shutting down ExecutorService 'applicationTaskExecutor'
2020-12-24 14:50:22.870  INFO 3456 --- [SpringContextShutdownHook] com.alibaba.druid.pool.DruidDataSource   : {dataSource-1} closing ...
2020-12-24 14:50:22.871  INFO 3456 --- [SpringContextShutdownHook] com.alibaba.druid.pool.DruidDataSource   : {dataSource-1} closed
2020-12-24 14:51:49.011  INFO 13232 --- [restartedMain] c.l.m.l.RedisDesktopManagerApplication   : Starting RedisDesktopManagerApplication on MM-202006241145 with PID 13232 (E:\lingzhen\workspace\redis-desktop-manager\redisDesktopManager\target\classes started by Administrator in E:\lingzhen\workspace\redis-desktop-manager)
2020-12-24 14:51:49.014 DEBUG 13232 --- [restartedMain] c.l.m.l.RedisDesktopManagerApplication   : Running with Spring Boot v2.3.3.RELEASE, Spring v5.2.8.RELEASE
2020-12-24 14:51:49.014  INFO 13232 --- [restartedMain] c.l.m.l.RedisDesktopManagerApplication   : The following profiles are active: dev
2020-12-24 14:51:49.054  INFO 13232 --- [restartedMain] .e.DevToolsPropertyDefaultsPostProcessor : Devtools property defaults active! Set 'spring.devtools.add-properties' to 'false' to disable
2020-12-24 14:51:49.054  INFO 13232 --- [restartedMain] .e.DevToolsPropertyDefaultsPostProcessor : For additional web related logging consider setting the 'logging.level.web' property to 'DEBUG'
2020-12-24 14:51:49.515  INFO 13232 --- [restartedMain] .s.d.r.c.RepositoryConfigurationDelegate : Multiple Spring Data modules found, entering strict repository configuration mode!
2020-12-24 14:51:49.516  INFO 13232 --- [restartedMain] .s.d.r.c.RepositoryConfigurationDelegate : Bootstrapping Spring Data Redis repositories in DEFAULT mode.
2020-12-24 14:51:49.542  INFO 13232 --- [restartedMain] .s.d.r.c.RepositoryConfigurationDelegate : Finished Spring Data repository scanning in 12ms. Found 0 Redis repository interfaces.
2020-12-24 14:51:49.616  WARN 13232 --- [restartedMain] o.m.s.mapper.ClassPathMapperScanner      : Skipping MapperFactoryBean with name 'englishWordMapper' and 'com.lingzhen.myproject.lifefolder.mapper.EnglishWordMapper' mapperInterface. Bean already defined with the same name!
2020-12-24 14:51:49.616  WARN 13232 --- [restartedMain] o.m.s.mapper.ClassPathMapperScanner      : Skipping MapperFactoryBean with name 'fileMapper' and 'com.lingzhen.myproject.lifefolder.mapper.FileMapper' mapperInterface. Bean already defined with the same name!
2020-12-24 14:51:49.616  WARN 13232 --- [restartedMain] o.m.s.mapper.ClassPathMapperScanner      : Skipping MapperFactoryBean with name 'redisDesktopManagerMapper' and 'com.lingzhen.myproject.lifefolder.mapper.RedisDesktopManagerMapper' mapperInterface. Bean already defined with the same name!
2020-12-24 14:51:49.616  WARN 13232 --- [restartedMain] o.m.s.mapper.ClassPathMapperScanner      : Skipping MapperFactoryBean with name 'storeMapper' and 'com.lingzhen.myproject.lifefolder.mapper.StoreMapper' mapperInterface. Bean already defined with the same name!
2020-12-24 14:51:49.616  WARN 13232 --- [restartedMain] o.m.s.mapper.ClassPathMapperScanner      : Skipping MapperFactoryBean with name 'systemMapper' and 'com.lingzhen.myproject.lifefolder.mapper.SystemMapper' mapperInterface. Bean already defined with the same name!
2020-12-24 14:51:49.616  WARN 13232 --- [restartedMain] o.m.s.mapper.ClassPathMapperScanner      : Skipping MapperFactoryBean with name 'userMapper' and 'com.lingzhen.myproject.lifefolder.mapper.UserMapper' mapperInterface. Bean already defined with the same name!
2020-12-24 14:51:49.616  WARN 13232 --- [restartedMain] o.m.s.mapper.ClassPathMapperScanner      : Skipping MapperFactoryBean with name 'englishWordMapperCopy' and 'com.lingzhen.myproject.lifefolder.mapper.englishword.EnglishWordMapperCopy' mapperInterface. Bean already defined with the same name!
2020-12-24 14:51:49.616  WARN 13232 --- [restartedMain] o.m.s.mapper.ClassPathMapperScanner      : Skipping MapperFactoryBean with name 'sysConfigMapper' and 'com.lingzhen.myproject.lifefolder.mapper.englishword.SysConfigMapper' mapperInterface. Bean already defined with the same name!
2020-12-24 14:51:49.616  WARN 13232 --- [restartedMain] o.m.s.mapper.ClassPathMapperScanner      : Skipping MapperFactoryBean with name 'userTimeWordMapper' and 'com.lingzhen.myproject.lifefolder.mapper.englishword.UserTimeWordMapper' mapperInterface. Bean already defined with the same name!
2020-12-24 14:51:49.616  WARN 13232 --- [restartedMain] o.m.s.mapper.ClassPathMapperScanner      : No MyBatis mapper was found in '[com.lingzhen.myproject.lifefolder.mapper]' package. Please check your configuration.
2020-12-24 14:51:50.105  INFO 13232 --- [restartedMain] o.s.b.w.embedded.tomcat.TomcatWebServer  : Tomcat initialized with port(s): 8080 (http)
2020-12-24 14:51:50.127  INFO 13232 --- [restartedMain] o.apache.catalina.core.StandardService   : Starting service [Tomcat]
2020-12-24 14:51:50.128  INFO 13232 --- [restartedMain] org.apache.catalina.core.StandardEngine  : Starting Servlet engine: [Apache Tomcat/9.0.37]
2020-12-24 14:51:50.192  INFO 13232 --- [restartedMain] o.a.c.c.C.[.[localhost].[/lingzhen]      : Initializing Spring embedded WebApplicationContext
2020-12-24 14:51:50.193  INFO 13232 --- [restartedMain] w.s.c.ServletWebServerApplicationContext : Root WebApplicationContext: initialization completed in 1139 ms
2020-12-24 14:51:50.308  INFO 13232 --- [restartedMain] c.a.d.s.b.a.DruidDataSourceAutoConfigure : Init DruidDataSource
2020-12-24 14:51:50.404  INFO 13232 --- [restartedMain] com.alibaba.druid.pool.DruidDataSource   : {dataSource-1} inited
2020-12-24 14:51:51.030  INFO 13232 --- [restartedMain] o.s.s.concurrent.ThreadPoolTaskExecutor  : Initializing ExecutorService 'applicationTaskExecutor'
2020-12-24 14:51:51.384  INFO 13232 --- [restartedMain] o.s.b.d.a.OptionalLiveReloadServer       : LiveReload server is running on port 35729
2020-12-24 14:51:51.416  INFO 13232 --- [restartedMain] o.s.b.w.embedded.tomcat.TomcatWebServer  : Tomcat started on port(s): 8080 (http) with context path '/lingzhen'
2020-12-24 14:51:51.424  INFO 13232 --- [restartedMain] c.l.m.l.RedisDesktopManagerApplication   : Started RedisDesktopManagerApplication in 2.723 seconds (JVM running for 3.464)
2020-12-24 14:52:09.510  INFO 13232 --- [SpringContextShutdownHook] o.s.s.concurrent.ThreadPoolTaskExecutor  : Shutting down ExecutorService 'applicationTaskExecutor'
2020-12-24 14:52:09.512  INFO 13232 --- [SpringContextShutdownHook] com.alibaba.druid.pool.DruidDataSource   : {dataSource-1} closing ...
2020-12-24 14:52:09.513  INFO 13232 --- [SpringContextShutdownHook] com.alibaba.druid.pool.DruidDataSource   : {dataSource-1} closed
2020-12-24 14:54:21.228  INFO 2240 --- [restartedMain] c.l.rdm.RedisDesktopManagerApplication   : Starting RedisDesktopManagerApplication on MM-202006241145 with PID 2240 (E:\lingzhen\workspace\redis-desktop-manager\redisDesktopManager\target\classes started by Administrator in E:\lingzhen\workspace\redis-desktop-manager)
2020-12-24 14:54:21.230  INFO 2240 --- [restartedMain] c.l.rdm.RedisDesktopManagerApplication   : The following profiles are active: dev
2020-12-24 14:54:21.264  INFO 2240 --- [restartedMain] .e.DevToolsPropertyDefaultsPostProcessor : Devtools property defaults active! Set 'spring.devtools.add-properties' to 'false' to disable
2020-12-24 14:54:21.264  INFO 2240 --- [restartedMain] .e.DevToolsPropertyDefaultsPostProcessor : For additional web related logging consider setting the 'logging.level.web' property to 'DEBUG'
2020-12-24 14:54:21.695  INFO 2240 --- [restartedMain] .s.d.r.c.RepositoryConfigurationDelegate : Multiple Spring Data modules found, entering strict repository configuration mode!
2020-12-24 14:54:21.696  INFO 2240 --- [restartedMain] .s.d.r.c.RepositoryConfigurationDelegate : Bootstrapping Spring Data Redis repositories in DEFAULT mode.
2020-12-24 14:54:21.717  INFO 2240 --- [restartedMain] .s.d.r.c.RepositoryConfigurationDelegate : Finished Spring Data repository scanning in 12ms. Found 0 Redis repository interfaces.
2020-12-24 14:54:21.794  WARN 2240 --- [restartedMain] o.m.s.mapper.ClassPathMapperScanner      : No MyBatis mapper was found in '[com.lingzhen.myproject.lifefolder.mapper]' package. Please check your configuration.
2020-12-24 14:54:22.191  INFO 2240 --- [restartedMain] o.s.b.w.embedded.tomcat.TomcatWebServer  : Tomcat initialized with port(s): 8080 (http)
2020-12-24 14:54:22.197  INFO 2240 --- [restartedMain] o.apache.catalina.core.StandardService   : Starting service [Tomcat]
2020-12-24 14:54:22.197  INFO 2240 --- [restartedMain] org.apache.catalina.core.StandardEngine  : Starting Servlet engine: [Apache Tomcat/9.0.37]
2020-12-24 14:54:22.257  INFO 2240 --- [restartedMain] o.a.c.c.C.[.[localhost].[/lingzhen]      : Initializing Spring embedded WebApplicationContext
2020-12-24 14:54:22.257  INFO 2240 --- [restartedMain] w.s.c.ServletWebServerApplicationContext : Root WebApplicationContext: initialization completed in 993 ms
2020-12-24 14:54:22.302  WARN 2240 --- [restartedMain] ConfigServletWebServerApplicationContext : Exception encountered during context initialization - cancelling refresh attempt: org.springframework.beans.factory.UnsatisfiedDependencyException: Error creating bean with name 'accessLogAspect': Unsatisfied dependency expressed through field 'userService'; nested exception is org.springframework.beans.factory.UnsatisfiedDependencyException: Error creating bean with name 'userServiceImpl': Unsatisfied dependency expressed through field 'userMapper'; nested exception is org.springframework.beans.factory.NoSuchBeanDefinitionException: No qualifying bean of type 'com.lingzhen.rdm.mapper.UserMapper' available: expected at least 1 bean which qualifies as autowire candidate. Dependency annotations: {@org.springframework.beans.factory.annotation.Autowired(required=true)}
2020-12-24 14:54:22.304  INFO 2240 --- [restartedMain] o.apache.catalina.core.StandardService   : Stopping service [Tomcat]
2020-12-24 14:54:22.317  INFO 2240 --- [restartedMain] ConditionEvaluationReportLoggingListener : 

Error starting ApplicationContext. To display the conditions report re-run your application with 'debug' enabled.
2020-12-24 14:54:22.678 ERROR 2240 --- [restartedMain] o.s.b.d.LoggingFailureAnalysisReporter   : 

***************************
APPLICATION FAILED TO START
***************************

Description:

Field userMapper in com.lingzhen.rdm.service.impl.UserServiceImpl required a bean of type 'com.lingzhen.rdm.mapper.UserMapper' that could not be found.

The injection point has the following annotations:
	- @org.springframework.beans.factory.annotation.Autowired(required=true)


Action:

Consider defining a bean of type 'com.lingzhen.rdm.mapper.UserMapper' in your configuration.

2020-12-24 14:57:37.372  INFO 6608 --- [restartedMain] c.l.rdm.RedisDesktopManagerApplication   : Starting RedisDesktopManagerApplication on MM-202006241145 with PID 6608 (E:\lingzhen\workspace\redis-desktop-manager\redisDesktopManager\target\classes started by Administrator in E:\lingzhen\workspace\redis-desktop-manager)
2020-12-24 14:57:37.374  INFO 6608 --- [restartedMain] c.l.rdm.RedisDesktopManagerApplication   : The following profiles are active: dev
2020-12-24 14:57:37.418  INFO 6608 --- [restartedMain] .e.DevToolsPropertyDefaultsPostProcessor : Devtools property defaults active! Set 'spring.devtools.add-properties' to 'false' to disable
2020-12-24 14:57:37.418  INFO 6608 --- [restartedMain] .e.DevToolsPropertyDefaultsPostProcessor : For additional web related logging consider setting the 'logging.level.web' property to 'DEBUG'
2020-12-24 14:57:37.849  INFO 6608 --- [restartedMain] .s.d.r.c.RepositoryConfigurationDelegate : Multiple Spring Data modules found, entering strict repository configuration mode!
2020-12-24 14:57:37.851  INFO 6608 --- [restartedMain] .s.d.r.c.RepositoryConfigurationDelegate : Bootstrapping Spring Data Redis repositories in DEFAULT mode.
2020-12-24 14:57:37.871  INFO 6608 --- [restartedMain] .s.d.r.c.RepositoryConfigurationDelegate : Finished Spring Data repository scanning in 12ms. Found 0 Redis repository interfaces.
2020-12-24 14:57:37.945  WARN 6608 --- [restartedMain] o.m.s.mapper.ClassPathMapperScanner      : No MyBatis mapper was found in '[com.lingzhen.myproject.lifefolder.mapper]' package. Please check your configuration.
2020-12-24 14:57:38.336  INFO 6608 --- [restartedMain] o.s.b.w.embedded.tomcat.TomcatWebServer  : Tomcat initialized with port(s): 8080 (http)
2020-12-24 14:57:38.343  INFO 6608 --- [restartedMain] o.apache.catalina.core.StandardService   : Starting service [Tomcat]
2020-12-24 14:57:38.343  INFO 6608 --- [restartedMain] org.apache.catalina.core.StandardEngine  : Starting Servlet engine: [Apache Tomcat/9.0.37]
2020-12-24 14:57:38.393  INFO 6608 --- [restartedMain] o.a.c.c.C.[.[localhost].[/lingzhen]      : Initializing Spring embedded WebApplicationContext
2020-12-24 14:57:38.393  INFO 6608 --- [restartedMain] w.s.c.ServletWebServerApplicationContext : Root WebApplicationContext: initialization completed in 975 ms
2020-12-24 14:57:38.451  WARN 6608 --- [restartedMain] ConfigServletWebServerApplicationContext : Exception encountered during context initialization - cancelling refresh attempt: org.springframework.beans.factory.UnsatisfiedDependencyException: Error creating bean with name 'accessLogAspect': Unsatisfied dependency expressed through field 'userService'; nested exception is org.springframework.beans.factory.UnsatisfiedDependencyException: Error creating bean with name 'userServiceImpl': Unsatisfied dependency expressed through field 'userMapper'; nested exception is org.springframework.beans.factory.NoSuchBeanDefinitionException: No qualifying bean of type 'com.lingzhen.rdm.mapper.UserMapper' available: expected at least 1 bean which qualifies as autowire candidate. Dependency annotations: {@org.springframework.beans.factory.annotation.Autowired(required=true)}
2020-12-24 14:57:38.453  INFO 6608 --- [restartedMain] o.apache.catalina.core.StandardService   : Stopping service [Tomcat]
2020-12-24 14:57:38.465  INFO 6608 --- [restartedMain] ConditionEvaluationReportLoggingListener : 

Error starting ApplicationContext. To display the conditions report re-run your application with 'debug' enabled.
2020-12-24 14:57:38.565 ERROR 6608 --- [restartedMain] o.s.b.d.LoggingFailureAnalysisReporter   : 

***************************
APPLICATION FAILED TO START
***************************

Description:

Field userMapper in com.lingzhen.rdm.service.impl.UserServiceImpl required a bean of type 'com.lingzhen.rdm.mapper.UserMapper' that could not be found.

The injection point has the following annotations:
	- @org.springframework.beans.factory.annotation.Autowired(required=true)


Action:

Consider defining a bean of type 'com.lingzhen.rdm.mapper.UserMapper' in your configuration.

2020-12-24 14:59:14.976  INFO 20456 --- [restartedMain] c.l.rdm.RedisDesktopManagerApplication   : Starting RedisDesktopManagerApplication on MM-202006241145 with PID 20456 (E:\lingzhen\workspace\redis-desktop-manager\redisDesktopManager\target\classes started by Administrator in E:\lingzhen\workspace\redis-desktop-manager)
2020-12-24 14:59:14.978 DEBUG 20456 --- [restartedMain] c.l.rdm.RedisDesktopManagerApplication   : Running with Spring Boot v2.3.3.RELEASE, Spring v5.2.8.RELEASE
2020-12-24 14:59:14.978  INFO 20456 --- [restartedMain] c.l.rdm.RedisDesktopManagerApplication   : The following profiles are active: dev
2020-12-24 14:59:15.017  INFO 20456 --- [restartedMain] .e.DevToolsPropertyDefaultsPostProcessor : Devtools property defaults active! Set 'spring.devtools.add-properties' to 'false' to disable
2020-12-24 14:59:15.018  INFO 20456 --- [restartedMain] .e.DevToolsPropertyDefaultsPostProcessor : For additional web related logging consider setting the 'logging.level.web' property to 'DEBUG'
2020-12-24 14:59:15.428  INFO 20456 --- [restartedMain] .s.d.r.c.RepositoryConfigurationDelegate : Multiple Spring Data modules found, entering strict repository configuration mode!
2020-12-24 14:59:15.429  INFO 20456 --- [restartedMain] .s.d.r.c.RepositoryConfigurationDelegate : Bootstrapping Spring Data Redis repositories in DEFAULT mode.
2020-12-24 14:59:15.450  INFO 20456 --- [restartedMain] .s.d.r.c.RepositoryConfigurationDelegate : Finished Spring Data repository scanning in 12ms. Found 0 Redis repository interfaces.
2020-12-24 14:59:15.527  WARN 20456 --- [restartedMain] o.m.s.mapper.ClassPathMapperScanner      : No MyBatis mapper was found in '[com.lingzhen.myproject.lifefolder.mapper]' package. Please check your configuration.
2020-12-24 14:59:15.909  INFO 20456 --- [restartedMain] o.s.b.w.embedded.tomcat.TomcatWebServer  : Tomcat initialized with port(s): 8081 (http)
2020-12-24 14:59:15.915  INFO 20456 --- [restartedMain] o.apache.catalina.core.StandardService   : Starting service [Tomcat]
2020-12-24 14:59:15.915  INFO 20456 --- [restartedMain] org.apache.catalina.core.StandardEngine  : Starting Servlet engine: [Apache Tomcat/9.0.37]
2020-12-24 14:59:15.967  INFO 20456 --- [restartedMain] o.a.c.c.C.[Tomcat].[localhost].[/rdm]    : Initializing Spring embedded WebApplicationContext
2020-12-24 14:59:15.967  INFO 20456 --- [restartedMain] w.s.c.ServletWebServerApplicationContext : Root WebApplicationContext: initialization completed in 949 ms
2020-12-24 14:59:16.022  WARN 20456 --- [restartedMain] ConfigServletWebServerApplicationContext : Exception encountered during context initialization - cancelling refresh attempt: org.springframework.beans.factory.UnsatisfiedDependencyException: Error creating bean with name 'accessLogAspect': Unsatisfied dependency expressed through field 'userService'; nested exception is org.springframework.beans.factory.UnsatisfiedDependencyException: Error creating bean with name 'userServiceImpl': Unsatisfied dependency expressed through field 'userMapper'; nested exception is org.springframework.beans.factory.NoSuchBeanDefinitionException: No qualifying bean of type 'com.lingzhen.rdm.mapper.UserMapper' available: expected at least 1 bean which qualifies as autowire candidate. Dependency annotations: {@org.springframework.beans.factory.annotation.Autowired(required=true)}
2020-12-24 14:59:16.023  INFO 20456 --- [restartedMain] o.apache.catalina.core.StandardService   : Stopping service [Tomcat]
2020-12-24 14:59:16.036  INFO 20456 --- [restartedMain] ConditionEvaluationReportLoggingListener : 

Error starting ApplicationContext. To display the conditions report re-run your application with 'debug' enabled.
2020-12-24 14:59:16.136 ERROR 20456 --- [restartedMain] o.s.b.d.LoggingFailureAnalysisReporter   : 

***************************
APPLICATION FAILED TO START
***************************

Description:

Field userMapper in com.lingzhen.rdm.service.impl.UserServiceImpl required a bean of type 'com.lingzhen.rdm.mapper.UserMapper' that could not be found.

The injection point has the following annotations:
	- @org.springframework.beans.factory.annotation.Autowired(required=true)


Action:

Consider defining a bean of type 'com.lingzhen.rdm.mapper.UserMapper' in your configuration.

2020-12-24 14:59:57.649  INFO 9372 --- [restartedMain] c.l.rdm.RedisDesktopManagerApplication   : Starting RedisDesktopManagerApplication on MM-202006241145 with PID 9372 (E:\lingzhen\workspace\redis-desktop-manager\redisDesktopManager\target\classes started by Administrator in E:\lingzhen\workspace\redis-desktop-manager)
2020-12-24 14:59:57.652 DEBUG 9372 --- [restartedMain] c.l.rdm.RedisDesktopManagerApplication   : Running with Spring Boot v2.3.3.RELEASE, Spring v5.2.8.RELEASE
2020-12-24 14:59:57.652  INFO 9372 --- [restartedMain] c.l.rdm.RedisDesktopManagerApplication   : The following profiles are active: dev
2020-12-24 14:59:57.710  INFO 9372 --- [restartedMain] .e.DevToolsPropertyDefaultsPostProcessor : Devtools property defaults active! Set 'spring.devtools.add-properties' to 'false' to disable
2020-12-24 14:59:57.710  INFO 9372 --- [restartedMain] .e.DevToolsPropertyDefaultsPostProcessor : For additional web related logging consider setting the 'logging.level.web' property to 'DEBUG'
2020-12-24 14:59:58.167  INFO 9372 --- [restartedMain] .s.d.r.c.RepositoryConfigurationDelegate : Multiple Spring Data modules found, entering strict repository configuration mode!
2020-12-24 14:59:58.169  INFO 9372 --- [restartedMain] .s.d.r.c.RepositoryConfigurationDelegate : Bootstrapping Spring Data Redis repositories in DEFAULT mode.
2020-12-24 14:59:58.190  INFO 9372 --- [restartedMain] .s.d.r.c.RepositoryConfigurationDelegate : Finished Spring Data repository scanning in 12ms. Found 0 Redis repository interfaces.
2020-12-24 14:59:58.269  WARN 9372 --- [restartedMain] o.m.s.mapper.ClassPathMapperScanner      : No MyBatis mapper was found in '[com.lingzhen.myproject.lifefolder.mapper]' package. Please check your configuration.
2020-12-24 14:59:58.667  INFO 9372 --- [restartedMain] o.s.b.w.embedded.tomcat.TomcatWebServer  : Tomcat initialized with port(s): 8081 (http)
2020-12-24 14:59:58.674  INFO 9372 --- [restartedMain] o.apache.catalina.core.StandardService   : Starting service [Tomcat]
2020-12-24 14:59:58.675  INFO 9372 --- [restartedMain] org.apache.catalina.core.StandardEngine  : Starting Servlet engine: [Apache Tomcat/9.0.37]
2020-12-24 14:59:58.734  INFO 9372 --- [restartedMain] o.a.c.c.C.[Tomcat].[localhost].[/rdm]    : Initializing Spring embedded WebApplicationContext
2020-12-24 14:59:58.735  INFO 9372 --- [restartedMain] w.s.c.ServletWebServerApplicationContext : Root WebApplicationContext: initialization completed in 1024 ms
2020-12-24 14:59:58.781  WARN 9372 --- [restartedMain] ConfigServletWebServerApplicationContext : Exception encountered during context initialization - cancelling refresh attempt: org.springframework.beans.factory.UnsatisfiedDependencyException: Error creating bean with name 'accessLogAspect': Unsatisfied dependency expressed through field 'userService'; nested exception is org.springframework.beans.factory.UnsatisfiedDependencyException: Error creating bean with name 'userServiceImpl': Unsatisfied dependency expressed through field 'userMapper'; nested exception is org.springframework.beans.factory.NoSuchBeanDefinitionException: No qualifying bean of type 'com.lingzhen.rdm.mapper.UserMapper' available: expected at least 1 bean which qualifies as autowire candidate. Dependency annotations: {@org.springframework.beans.factory.annotation.Autowired(required=true)}
2020-12-24 14:59:58.783  INFO 9372 --- [restartedMain] o.apache.catalina.core.StandardService   : Stopping service [Tomcat]
2020-12-24 14:59:58.794  INFO 9372 --- [restartedMain] ConditionEvaluationReportLoggingListener : 

Error starting ApplicationContext. To display the conditions report re-run your application with 'debug' enabled.
2020-12-24 14:59:58.891 ERROR 9372 --- [restartedMain] o.s.b.d.LoggingFailureAnalysisReporter   : 

***************************
APPLICATION FAILED TO START
***************************

Description:

Field userMapper in com.lingzhen.rdm.service.impl.UserServiceImpl required a bean of type 'com.lingzhen.rdm.mapper.UserMapper' that could not be found.

The injection point has the following annotations:
	- @org.springframework.beans.factory.annotation.Autowired(required=true)


Action:

Consider defining a bean of type 'com.lingzhen.rdm.mapper.UserMapper' in your configuration.

2020-12-24 15:05:17.151  INFO 7788 --- [restartedMain] c.l.rdm.RedisDesktopManagerApplication   : Starting RedisDesktopManagerApplication on MM-202006241145 with PID 7788 (E:\lingzhen\workspace\redis-desktop-manager\redisDesktopManager\target\classes started by Administrator in E:\lingzhen\workspace\redis-desktop-manager)
2020-12-24 15:05:17.153 DEBUG 7788 --- [restartedMain] c.l.rdm.RedisDesktopManagerApplication   : Running with Spring Boot v2.3.3.RELEASE, Spring v5.2.8.RELEASE
2020-12-24 15:05:17.153  INFO 7788 --- [restartedMain] c.l.rdm.RedisDesktopManagerApplication   : The following profiles are active: dev
2020-12-24 15:05:17.188  INFO 7788 --- [restartedMain] .e.DevToolsPropertyDefaultsPostProcessor : Devtools property defaults active! Set 'spring.devtools.add-properties' to 'false' to disable
2020-12-24 15:05:17.188  INFO 7788 --- [restartedMain] .e.DevToolsPropertyDefaultsPostProcessor : For additional web related logging consider setting the 'logging.level.web' property to 'DEBUG'
2020-12-24 15:05:17.593  INFO 7788 --- [restartedMain] .s.d.r.c.RepositoryConfigurationDelegate : Multiple Spring Data modules found, entering strict repository configuration mode!
2020-12-24 15:05:17.594  INFO 7788 --- [restartedMain] .s.d.r.c.RepositoryConfigurationDelegate : Bootstrapping Spring Data Redis repositories in DEFAULT mode.
2020-12-24 15:05:17.613  INFO 7788 --- [restartedMain] .s.d.r.c.RepositoryConfigurationDelegate : Finished Spring Data repository scanning in 11ms. Found 0 Redis repository interfaces.
2020-12-24 15:05:17.684  WARN 7788 --- [restartedMain] o.m.s.mapper.ClassPathMapperScanner      : No MyBatis mapper was found in '[com.lingzhen.myproject.lifefolder.mapper]' package. Please check your configuration.
2020-12-24 15:05:18.082  INFO 7788 --- [restartedMain] o.s.b.w.embedded.tomcat.TomcatWebServer  : Tomcat initialized with port(s): 8081 (http)
2020-12-24 15:05:18.089  INFO 7788 --- [restartedMain] o.apache.catalina.core.StandardService   : Starting service [Tomcat]
2020-12-24 15:05:18.089  INFO 7788 --- [restartedMain] org.apache.catalina.core.StandardEngine  : Starting Servlet engine: [Apache Tomcat/9.0.37]
2020-12-24 15:05:18.138  INFO 7788 --- [restartedMain] o.a.c.c.C.[Tomcat].[localhost].[/rdm]    : Initializing Spring embedded WebApplicationContext
2020-12-24 15:05:18.138  INFO 7788 --- [restartedMain] w.s.c.ServletWebServerApplicationContext : Root WebApplicationContext: initialization completed in 950 ms
2020-12-24 15:05:18.193  WARN 7788 --- [restartedMain] ConfigServletWebServerApplicationContext : Exception encountered during context initialization - cancelling refresh attempt: org.springframework.beans.factory.UnsatisfiedDependencyException: Error creating bean with name 'accessLogAspect': Unsatisfied dependency expressed through field 'userService'; nested exception is org.springframework.beans.factory.UnsatisfiedDependencyException: Error creating bean with name 'userServiceImpl': Unsatisfied dependency expressed through field 'userMapper'; nested exception is org.springframework.beans.factory.NoSuchBeanDefinitionException: No qualifying bean of type 'com.lingzhen.rdm.mapper.UserMapper' available: expected at least 1 bean which qualifies as autowire candidate. Dependency annotations: {@org.springframework.beans.factory.annotation.Autowired(required=true)}
2020-12-24 15:05:18.195  INFO 7788 --- [restartedMain] o.apache.catalina.core.StandardService   : Stopping service [Tomcat]
2020-12-24 15:05:18.207  INFO 7788 --- [restartedMain] ConditionEvaluationReportLoggingListener : 

Error starting ApplicationContext. To display the conditions report re-run your application with 'debug' enabled.
2020-12-24 15:05:18.296 ERROR 7788 --- [restartedMain] o.s.b.d.LoggingFailureAnalysisReporter   : 

***************************
APPLICATION FAILED TO START
***************************

Description:

Field userMapper in com.lingzhen.rdm.service.impl.UserServiceImpl required a bean of type 'com.lingzhen.rdm.mapper.UserMapper' that could not be found.

The injection point has the following annotations:
	- @org.springframework.beans.factory.annotation.Autowired(required=true)


Action:

Consider defining a bean of type 'com.lingzhen.rdm.mapper.UserMapper' in your configuration.

2020-12-24 15:06:34.326  INFO 17340 --- [restartedMain] c.l.rdm.RedisDesktopManagerApplication   : Starting RedisDesktopManagerApplication on MM-202006241145 with PID 17340 (E:\lingzhen\workspace\redis-desktop-manager\redisDesktopManager\target\classes started by Administrator in E:\lingzhen\workspace\redis-desktop-manager)
2020-12-24 15:06:34.328 DEBUG 17340 --- [restartedMain] c.l.rdm.RedisDesktopManagerApplication   : Running with Spring Boot v2.3.3.RELEASE, Spring v5.2.8.RELEASE
2020-12-24 15:06:34.328  INFO 17340 --- [restartedMain] c.l.rdm.RedisDesktopManagerApplication   : The following profiles are active: dev
2020-12-24 15:06:34.363  INFO 17340 --- [restartedMain] .e.DevToolsPropertyDefaultsPostProcessor : Devtools property defaults active! Set 'spring.devtools.add-properties' to 'false' to disable
2020-12-24 15:06:34.363  INFO 17340 --- [restartedMain] .e.DevToolsPropertyDefaultsPostProcessor : For additional web related logging consider setting the 'logging.level.web' property to 'DEBUG'
2020-12-24 15:06:34.757  INFO 17340 --- [restartedMain] .s.d.r.c.RepositoryConfigurationDelegate : Multiple Spring Data modules found, entering strict repository configuration mode!
2020-12-24 15:06:34.758  INFO 17340 --- [restartedMain] .s.d.r.c.RepositoryConfigurationDelegate : Bootstrapping Spring Data Redis repositories in DEFAULT mode.
2020-12-24 15:06:34.777  INFO 17340 --- [restartedMain] .s.d.r.c.RepositoryConfigurationDelegate : Finished Spring Data repository scanning in 11ms. Found 0 Redis repository interfaces.
2020-12-24 15:06:34.852  WARN 17340 --- [restartedMain] o.m.s.mapper.ClassPathMapperScanner      : No MyBatis mapper was found in '[com.lingzhen.myproject.lifefolder.mapper]' package. Please check your configuration.
2020-12-24 15:06:35.227  INFO 17340 --- [restartedMain] o.s.b.w.embedded.tomcat.TomcatWebServer  : Tomcat initialized with port(s): 8081 (http)
2020-12-24 15:06:35.233  INFO 17340 --- [restartedMain] o.apache.catalina.core.StandardService   : Starting service [Tomcat]
2020-12-24 15:06:35.234  INFO 17340 --- [restartedMain] org.apache.catalina.core.StandardEngine  : Starting Servlet engine: [Apache Tomcat/9.0.37]
2020-12-24 15:06:35.292  INFO 17340 --- [restartedMain] o.a.c.c.C.[Tomcat].[localhost].[/rdm]    : Initializing Spring embedded WebApplicationContext
2020-12-24 15:06:35.292  INFO 17340 --- [restartedMain] w.s.c.ServletWebServerApplicationContext : Root WebApplicationContext: initialization completed in 929 ms
2020-12-24 15:06:35.337  WARN 17340 --- [restartedMain] ConfigServletWebServerApplicationContext : Exception encountered during context initialization - cancelling refresh attempt: org.springframework.beans.factory.UnsatisfiedDependencyException: Error creating bean with name 'accessLogAspect': Unsatisfied dependency expressed through field 'userService'; nested exception is org.springframework.beans.factory.UnsatisfiedDependencyException: Error creating bean with name 'userServiceImpl': Unsatisfied dependency expressed through field 'userMapper'; nested exception is org.springframework.beans.factory.NoSuchBeanDefinitionException: No qualifying bean of type 'com.lingzhen.rdm.mapper.UserMapper' available: expected at least 1 bean which qualifies as autowire candidate. Dependency annotations: {@org.springframework.beans.factory.annotation.Autowired(required=true)}
2020-12-24 15:06:35.339  INFO 17340 --- [restartedMain] o.apache.catalina.core.StandardService   : Stopping service [Tomcat]
2020-12-24 15:06:35.351  INFO 17340 --- [restartedMain] ConditionEvaluationReportLoggingListener : 

Error starting ApplicationContext. To display the conditions report re-run your application with 'debug' enabled.
2020-12-24 15:06:35.440 ERROR 17340 --- [restartedMain] o.s.b.d.LoggingFailureAnalysisReporter   : 

***************************
APPLICATION FAILED TO START
***************************

Description:

Field userMapper in com.lingzhen.rdm.service.impl.UserServiceImpl required a bean of type 'com.lingzhen.rdm.mapper.UserMapper' that could not be found.

The injection point has the following annotations:
	- @org.springframework.beans.factory.annotation.Autowired(required=true)


Action:

Consider defining a bean of type 'com.lingzhen.rdm.mapper.UserMapper' in your configuration.

2020-12-24 15:07:29.962  INFO 15204 --- [restartedMain] c.l.rdm.RedisDesktopManagerApplication   : Starting RedisDesktopManagerApplication on MM-202006241145 with PID 15204 (E:\lingzhen\workspace\redis-desktop-manager\redisDesktopManager\target\classes started by Administrator in E:\lingzhen\workspace\redis-desktop-manager)
2020-12-24 15:07:29.964 DEBUG 15204 --- [restartedMain] c.l.rdm.RedisDesktopManagerApplication   : Running with Spring Boot v2.3.3.RELEASE, Spring v5.2.8.RELEASE
2020-12-24 15:07:29.964  INFO 15204 --- [restartedMain] c.l.rdm.RedisDesktopManagerApplication   : The following profiles are active: dev
2020-12-24 15:07:29.998  INFO 15204 --- [restartedMain] .e.DevToolsPropertyDefaultsPostProcessor : Devtools property defaults active! Set 'spring.devtools.add-properties' to 'false' to disable
2020-12-24 15:07:29.998  INFO 15204 --- [restartedMain] .e.DevToolsPropertyDefaultsPostProcessor : For additional web related logging consider setting the 'logging.level.web' property to 'DEBUG'
2020-12-24 15:07:30.401  INFO 15204 --- [restartedMain] .s.d.r.c.RepositoryConfigurationDelegate : Multiple Spring Data modules found, entering strict repository configuration mode!
2020-12-24 15:07:30.402  INFO 15204 --- [restartedMain] .s.d.r.c.RepositoryConfigurationDelegate : Bootstrapping Spring Data Redis repositories in DEFAULT mode.
2020-12-24 15:07:30.422  INFO 15204 --- [restartedMain] .s.d.r.c.RepositoryConfigurationDelegate : Finished Spring Data repository scanning in 11ms. Found 0 Redis repository interfaces.
2020-12-24 15:07:30.874  INFO 15204 --- [restartedMain] o.s.b.w.embedded.tomcat.TomcatWebServer  : Tomcat initialized with port(s): 8081 (http)
2020-12-24 15:07:30.881  INFO 15204 --- [restartedMain] o.apache.catalina.core.StandardService   : Starting service [Tomcat]
2020-12-24 15:07:30.881  INFO 15204 --- [restartedMain] org.apache.catalina.core.StandardEngine  : Starting Servlet engine: [Apache Tomcat/9.0.37]
2020-12-24 15:07:30.932  INFO 15204 --- [restartedMain] o.a.c.c.C.[Tomcat].[localhost].[/rdm]    : Initializing Spring embedded WebApplicationContext
2020-12-24 15:07:30.932  INFO 15204 --- [restartedMain] w.s.c.ServletWebServerApplicationContext : Root WebApplicationContext: initialization completed in 934 ms
2020-12-24 15:07:31.000  INFO 15204 --- [restartedMain] c.a.d.s.b.a.DruidDataSourceAutoConfigure : Init DruidDataSource
2020-12-24 15:07:31.062  INFO 15204 --- [restartedMain] com.alibaba.druid.pool.DruidDataSource   : {dataSource-1} inited
2020-12-24 15:07:31.501  INFO 15204 --- [restartedMain] o.s.s.concurrent.ThreadPoolTaskExecutor  : Initializing ExecutorService 'applicationTaskExecutor'
2020-12-24 15:07:31.799  INFO 15204 --- [restartedMain] o.s.b.d.a.OptionalLiveReloadServer       : LiveReload server is running on port 35729
2020-12-24 15:07:31.825  INFO 15204 --- [restartedMain] o.s.b.w.embedded.tomcat.TomcatWebServer  : Tomcat started on port(s): 8081 (http) with context path '/rdm'
2020-12-24 15:07:31.831  INFO 15204 --- [restartedMain] c.l.rdm.RedisDesktopManagerApplication   : Started RedisDesktopManagerApplication in 2.142 seconds (JVM running for 2.874)
2020-12-24 15:07:55.167  INFO 15204 --- [http-nio-8081-exec-2] o.a.c.c.C.[Tomcat].[localhost].[/rdm]    : Initializing Spring DispatcherServlet 'dispatcherServlet'
2020-12-24 15:07:55.167  INFO 15204 --- [http-nio-8081-exec-2] o.s.web.servlet.DispatcherServlet        : Initializing Servlet 'dispatcherServlet'
2020-12-24 15:07:55.172  INFO 15204 --- [http-nio-8081-exec-2] o.s.web.servlet.DispatcherServlet        : Completed initialization in 5 ms
2020-12-24 15:09:32.578  INFO 15204 --- [SpringContextShutdownHook] o.s.s.concurrent.ThreadPoolTaskExecutor  : Shutting down ExecutorService 'applicationTaskExecutor'
2020-12-24 15:09:32.579  INFO 15204 --- [SpringContextShutdownHook] com.alibaba.druid.pool.DruidDataSource   : {dataSource-1} closing ...
2020-12-24 15:09:32.579  INFO 15204 --- [SpringContextShutdownHook] com.alibaba.druid.pool.DruidDataSource   : {dataSource-1} closed
